# JRE version: OpenJDK Runtime Environment (8.0_152-b01) (build 1.8.0_152-release-915-b01)
# Java VM: OpenJDK 64-Bit Server VM (25.152-b01 mixed mode linux-amd64 compressed oops)
Heap:
 PSYoungGen      total 485888K, used 33249K [0x00000000e0000000, 0x0000000100000000, 0x0000000100000000)
  eden space 452608K, 0% used [0x00000000e0000000,0x00000000e0000000,0x00000000fba00000)
  from space 33280K, 99% used [0x00000000fba00000,0x00000000fda78788,0x00000000fda80000)
  to   space 38400K, 0% used [0x00000000fda80000,0x00000000fda80000,0x0000000100000000)
 ParOldGen       total 248832K, used 234607K [0x00000000a0000000, 0x00000000af300000, 0x00000000e0000000)
  object space 248832K, 94% used [0x00000000a0000000,0x00000000ae51bff8,0x00000000af300000)
 Metaspace       used 101394K, capacity 110186K, committed 110424K, reserved 1144832K
  class space    used 12869K, capacity 14904K, committed 14976K, reserved 1048576K
GC Heap History (10 events):
Event: 14435.334 GC heap after
Heap after GC invocations=73 (full 4):
 PSYoungGen      total 475136K, used 12209K [0x00000000e0000000, 0x00000000ffa00000, 0x0000000100000000)
  eden space 435712K, 0% used [0x00000000e0000000,0x00000000e0000000,0x00000000fa980000)
  from space 39424K, 30% used [0x00000000fa980000,0x00000000fb56c670,0x00000000fd000000)
  to   space 37376K, 0% used [0x00000000fd580000,0x00000000fd580000,0x00000000ffa00000)
 ParOldGen       total 248832K, used 206223K [0x00000000a0000000, 0x00000000af300000, 0x00000000e0000000)
  object space 248832K, 82% used [0x00000000a0000000,0x00000000ac963f08,0x00000000af300000)
 Metaspace       used 101251K, capacity 110096K, committed 110424K, reserved 1144832K
  class space    used 12868K, capacity 14903K, committed 14976K, reserved 1048576K
}
Event: 14435.459 GC heap before
{Heap before GC invocations=74 (full 4):
 PSYoungGen      total 475136K, used 447005K [0x00000000e0000000, 0x00000000ffa00000, 0x0000000100000000)
  eden space 435712K, 99% used [0x00000000e0000000,0x00000000fa89ade0,0x00000000fa980000)
  from space 39424K, 30% used [0x00000000fa980000,0x00000000fb56c670,0x00000000fd000000)
  to   space 37376K, 0% used [0x00000000fd580000,0x00000000fd580000,0x00000000ffa00000)
 ParOldGen       total 248832K, used 206223K [0x00000000a0000000, 0x00000000af300000, 0x00000000e0000000)
  object space 248832K, 82% used [0x00000000a0000000,0x00000000ac963f08,0x00000000af300000)
 Metaspace       used 101251K, capacity 110096K, committed 110424K, reserved 1144832K
  class space    used 12868K, capacity 14903K, committed 14976K, reserved 1048576K
Event: 14435.510 GC heap after
Heap after GC invocations=74 (full 4):
 PSYoungGen      total 482304K, used 4705K [0x00000000e0000000, 0x00000000ffb00000, 0x0000000100000000)
  eden space 444928K, 0% used [0x00000000e0000000,0x00000000e0000000,0x00000000fb280000)
  from space 37376K, 12% used [0x00000000fd580000,0x00000000fda18630,0x00000000ffa00000)
  to   space 35840K, 0% used [0x00000000fb280000,0x00000000fb280000,0x00000000fd580000)
 ParOldGen       total 248832K, used 212501K [0x00000000a0000000, 0x00000000af300000, 0x00000000e0000000)
  object space 248832K, 85% used [0x00000000a0000000,0x00000000acf857b0,0x00000000af300000)
 Metaspace       used 101251K, capacity 110096K, committed 110424K, reserved 1144832K
  class space    used 12868K, capacity 14903K, committed 14976K, reserved 1048576K
}
Event: 14435.618 GC heap before
{Heap before GC invocations=75 (full 4):
 PSYoungGen      total 482304K, used 448672K [0x00000000e0000000, 0x00000000ffb00000, 0x0000000100000000)
  eden space 444928K, 99% used [0x00000000e0000000,0x00000000fb18faa8,0x00000000fb280000)
  from space 37376K, 12% used [0x00000000fd580000,0x00000000fda18630,0x00000000ffa00000)
  to   space 35840K, 0% used [0x00000000fb280000,0x00000000fb280000,0x00000000fd580000)
 ParOldGen       total 248832K, used 212501K [0x00000000a0000000, 0x00000000af300000, 0x00000000e0000000)
  object space 248832K, 85% used [0x00000000a0000000,0x00000000acf857b0,0x00000000af300000)
 Metaspace       used 101251K, capacity 110096K, committed 110424K, reserved 1144832K
  class space    used 12868K, capacity 14903K, committed 14976K, reserved 1048576K
Event: 14435.638 GC heap after
Heap after GC invocations=75 (full 4):
 PSYoungGen      total 480768K, used 32K [0x00000000e0000000, 0x00000000ffc80000, 0x0000000100000000)
  eden space 444928K, 0% used [0x00000000e0000000,0x00000000e0000000,0x00000000fb280000)
  from space 35840K, 0% used [0x00000000fb280000,0x00000000fb288000,0x00000000fd580000)
  to   space 34816K, 0% used [0x00000000fda80000,0x00000000fda80000,0x00000000ffc80000)
 ParOldGen       total 248832K, used 215083K [0x00000000a0000000, 0x00000000af300000, 0x00000000e0000000)
  object space 248832K, 86% used [0x00000000a0000000,0x00000000ad20aec8,0x00000000af300000)
 Metaspace       used 101251K, capacity 110096K, committed 110424K, reserved 1144832K
  class space    used 12868K, capacity 14903K, committed 14976K, reserved 1048576K
}
Event: 14439.289 GC heap before
{Heap before GC invocations=76 (full 4):
 PSYoungGen      total 480768K, used 444960K [0x00000000e0000000, 0x00000000ffc80000, 0x0000000100000000)
  eden space 444928K, 100% used [0x00000000e0000000,0x00000000fb280000,0x00000000fb280000)
  from space 35840K, 0% used [0x00000000fb280000,0x00000000fb288000,0x00000000fd580000)
  to   space 34816K, 0% used [0x00000000fda80000,0x00000000fda80000,0x00000000ffc80000)
 ParOldGen       total 248832K, used 215083K [0x00000000a0000000, 0x00000000af300000, 0x00000000e0000000)
  object space 248832K, 86% used [0x00000000a0000000,0x00000000ad20aec8,0x00000000af300000)
 Metaspace       used 101348K, capacity 110178K, committed 110424K, reserved 1144832K
  class space    used 12869K, capacity 14904K, committed 14976K, reserved 1048576K
Event: 14439.389 GC heap after
Heap after GC invocations=76 (full 4):
 PSYoungGen      total 486912K, used 11715K [0x00000000e0000000, 0x00000000ffc00000, 0x0000000100000000)
  eden space 452608K, 0% used [0x00000000e0000000,0x00000000e0000000,0x00000000fba00000)
  from space 34304K, 34% used [0x00000000fda80000,0x00000000fe5f0cd0,0x00000000ffc00000)
  to   space 33280K, 0% used [0x00000000fba00000,0x00000000fba00000,0x00000000fda80000)
 ParOldGen       total 248832K, used 215123K [0x00000000a0000000, 0x00000000af300000, 0x00000000e0000000)
  object space 248832K, 86% used [0x00000000a0000000,0x00000000ad214ec8,0x00000000af300000)
 Metaspace       used 101348K, capacity 110178K, committed 110424K, reserved 1144832K
  class space    used 12869K, capacity 14904K, committed 14976K, reserved 1048576K
}
Event: 14443.346 GC heap before
{Heap before GC invocations=77 (full 4):
 PSYoungGen      total 486912K, used 464323K [0x00000000e0000000, 0x00000000ffc00000, 0x0000000100000000)
  eden space 452608K, 100% used [0x00000000e0000000,0x00000000fba00000,0x00000000fba00000)
  from space 34304K, 34% used [0x00000000fda80000,0x00000000fe5f0cd0,0x00000000ffc00000)
  to   space 33280K, 0% used [0x00000000fba00000,0x00000000fba00000,0x00000000fda80000)
 ParOldGen       total 248832K, used 215123K [0x00000000a0000000, 0x00000000af300000, 0x00000000e0000000)
  object space 248832K, 86% used [0x00000000a0000000,0x00000000ad214ec8,0x00000000af300000)
 Metaspace       used 101394K, capacity 110186K, committed 110424K, reserved 1144832K
  class space    used 12869K, capacity 14904K, committed 14976K, reserved 1048576K
Event: 14443.490 GC heap after
Heap after GC invocations=77 (full 4):
 PSYoungGen      total 485888K, used 33249K [0x00000000e0000000, 0x0000000100000000, 0x0000000100000000)
  eden space 452608K, 0% used [0x00000000e0000000,0x00000000e0000000,0x00000000fba00000)
  from space 33280K, 99% used [0x00000000fba00000,0x00000000fda78788,0x00000000fda80000)
  to   space 38400K, 0% used [0x00000000fda80000,0x00000000fda80000,0x0000000100000000)
 ParOldGen       total 248832K, used 234607K [0x00000000a0000000, 0x00000000af300000, 0x00000000e0000000)
  object space 248832K, 94% used [0x00000000a0000000,0x00000000ae51bff8,0x00000000af300000)
 Metaspace       used 101394K, capacity 110186K, committed 110424K, reserved 1144832K
  class space    used 12869K, capacity 14904K, committed 14976K, reserved 1048576K
}
Event: 14443.490 GC heap before
{Heap before GC invocations=78 (full 5):
 PSYoungGen      total 485888K, used 33249K [0x00000000e0000000, 0x0000000100000000, 0x0000000100000000)
  eden space 452608K, 0% used [0x00000000e0000000,0x00000000e0000000,0x00000000fba00000)
  from space 33280K, 99% used [0x00000000fba00000,0x00000000fda78788,0x00000000fda80000)
  to   space 38400K, 0% used [0x00000000fda80000,0x00000000fda80000,0x0000000100000000)
 ParOldGen       total 248832K, used 234607K [0x00000000a0000000, 0x00000000af300000, 0x00000000e0000000)
  object space 248832K, 94% used [0x00000000a0000000,0x00000000ae51bff8,0x00000000af300000)
 Metaspace       used 101394K, capacity 110186K, committed 110424K, reserved 1144832K
  class space    used 12869K, capacity 14904K, committed 14976K, reserved 1048576K

